{"/Users/dan/projects/personal/task-management-api/src/db/comments.js": {"path":"/Users/dan/projects/personal/task-management-api/src/db/comments.js","statementMap":{"0":{"start":{"line":4,"column":26},"end":{"line":4,"column":68}},"1":{"start":{"line":6,"column":31},"end":{"line":15,"column":1}},"2":{"start":{"line":7,"column":2},"end":{"line":14,"column":3}},"3":{"start":{"line":8,"column":4},"end":{"line":10,"column":7}},"4":{"start":{"line":12,"column":4},"end":{"line":12,"column":56}},"5":{"start":{"line":13,"column":4},"end":{"line":13,"column":16}},"6":{"start":{"line":17,"column":31},"end":{"line":27,"column":1}},"7":{"start":{"line":18,"column":2},"end":{"line":26,"column":3}},"8":{"start":{"line":19,"column":4},"end":{"line":22,"column":7}},"9":{"start":{"line":24,"column":4},"end":{"line":24,"column":63}},"10":{"start":{"line":25,"column":4},"end":{"line":25,"column":16}},"11":{"start":{"line":29,"column":36},"end":{"line":40,"column":1}},"12":{"start":{"line":30,"column":2},"end":{"line":39,"column":3}},"13":{"start":{"line":31,"column":4},"end":{"line":35,"column":7}},"14":{"start":{"line":37,"column":4},"end":{"line":37,"column":71}},"15":{"start":{"line":38,"column":4},"end":{"line":38,"column":16}},"16":{"start":{"line":42,"column":29},"end":{"line":50,"column":1}},"17":{"start":{"line":43,"column":2},"end":{"line":49,"column":3}},"18":{"start":{"line":44,"column":23},"end":{"line":44,"column":60}},"19":{"start":{"line":45,"column":4},"end":{"line":45,"column":52}},"20":{"start":{"line":47,"column":4},"end":{"line":47,"column":52}},"21":{"start":{"line":48,"column":4},"end":{"line":48,"column":16}},"22":{"start":{"line":52,"column":29},"end":{"line":60,"column":1}},"23":{"start":{"line":53,"column":2},"end":{"line":59,"column":3}},"24":{"start":{"line":54,"column":4},"end":{"line":54,"column":52}},"25":{"start":{"line":55,"column":4},"end":{"line":55,"column":37}},"26":{"start":{"line":57,"column":4},"end":{"line":57,"column":58}},"27":{"start":{"line":58,"column":4},"end":{"line":58,"column":16}},"28":{"start":{"line":62,"column":29},"end":{"line":70,"column":1}},"29":{"start":{"line":63,"column":2},"end":{"line":69,"column":3}},"30":{"start":{"line":64,"column":19},"end":{"line":64,"column":53}},"31":{"start":{"line":65,"column":4},"end":{"line":65,"column":31}},"32":{"start":{"line":67,"column":4},"end":{"line":67,"column":58}},"33":{"start":{"line":68,"column":4},"end":{"line":68,"column":16}}},"fnMap":{"0":{"name":"(anonymous_0)","decl":{"start":{"line":6,"column":31},"end":{"line":6,"column":32}},"loc":{"start":{"line":6,"column":43},"end":{"line":15,"column":1}},"line":6},"1":{"name":"(anonymous_1)","decl":{"start":{"line":17,"column":31},"end":{"line":17,"column":32}},"loc":{"start":{"line":17,"column":45},"end":{"line":27,"column":1}},"line":17},"2":{"name":"(anonymous_2)","decl":{"start":{"line":29,"column":36},"end":{"line":29,"column":37}},"loc":{"start":{"line":29,"column":54},"end":{"line":40,"column":1}},"line":29},"3":{"name":"(anonymous_3)","decl":{"start":{"line":42,"column":29},"end":{"line":42,"column":30}},"loc":{"start":{"line":42,"column":52},"end":{"line":50,"column":1}},"line":42},"4":{"name":"(anonymous_4)","decl":{"start":{"line":52,"column":29},"end":{"line":52,"column":30}},"loc":{"start":{"line":52,"column":56},"end":{"line":60,"column":1}},"line":52},"5":{"name":"(anonymous_5)","decl":{"start":{"line":62,"column":29},"end":{"line":62,"column":30}},"loc":{"start":{"line":62,"column":43},"end":{"line":70,"column":1}},"line":62}},"branchMap":{},"s":{"0":1,"1":1,"2":0,"3":0,"4":0,"5":0,"6":1,"7":0,"8":0,"9":0,"10":0,"11":1,"12":0,"13":0,"14":0,"15":0,"16":1,"17":0,"18":0,"19":0,"20":0,"21":0,"22":1,"23":0,"24":0,"25":0,"26":0,"27":0,"28":1,"29":0,"30":0,"31":0,"32":0,"33":0},"f":{"0":0,"1":0,"2":0,"3":0,"4":0,"5":0},"b":{},"inputSourceMap":null,"_coverageSchema":"1a1c01bbd47fc00a2c39e90264f33305004495a9","hash":"284bd67b0007b634c7a18d9088d208eae4562c38"}
,"/Users/dan/projects/personal/task-management-api/src/db/config.js": {"path":"/Users/dan/projects/personal/task-management-api/src/db/config.js","statementMap":{"0":{"start":{"line":6,"column":0},"end":{"line":6,"column":16}},"1":{"start":{"line":8,"column":19},"end":{"line":8,"column":49}},"2":{"start":{"line":9,"column":18},"end":{"line":9,"column":37}},"3":{"start":{"line":11,"column":29},"end":{"line":23,"column":2}},"4":{"start":{"line":25,"column":34},"end":{"line":33,"column":1}},"5":{"start":{"line":26,"column":1},"end":{"line":32,"column":2}},"6":{"start":{"line":27,"column":2},"end":{"line":27,"column":35}},"7":{"start":{"line":28,"column":2},"end":{"line":28,"column":62}},"8":{"start":{"line":30,"column":2},"end":{"line":30,"column":64}},"9":{"start":{"line":31,"column":2},"end":{"line":31,"column":14}}},"fnMap":{"0":{"name":"(anonymous_0)","decl":{"start":{"line":25,"column":34},"end":{"line":25,"column":35}},"loc":{"start":{"line":25,"column":46},"end":{"line":33,"column":1}},"line":25}},"branchMap":{"0":{"loc":{"start":{"line":13,"column":7},"end":{"line":13,"column":41}},"type":"binary-expr","locations":[{"start":{"line":13,"column":7},"end":{"line":13,"column":26}},{"start":{"line":13,"column":30},"end":{"line":13,"column":41}}],"line":13},"1":{"loc":{"start":{"line":14,"column":16},"end":{"line":14,"column":45}},"type":"binary-expr","locations":[{"start":{"line":14,"column":16},"end":{"line":14,"column":35}},{"start":{"line":14,"column":39},"end":{"line":14,"column":45}}],"line":14},"2":{"loc":{"start":{"line":15,"column":11},"end":{"line":15,"column":48}},"type":"binary-expr","locations":[{"start":{"line":15,"column":11},"end":{"line":15,"column":34}},{"start":{"line":15,"column":38},"end":{"line":15,"column":48}}],"line":15},"3":{"loc":{"start":{"line":16,"column":11},"end":{"line":16,"column":48}},"type":"binary-expr","locations":[{"start":{"line":16,"column":11},"end":{"line":16,"column":34}},{"start":{"line":16,"column":38},"end":{"line":16,"column":48}}],"line":16},"4":{"loc":{"start":{"line":17,"column":11},"end":{"line":17,"column":55}},"type":"binary-expr","locations":[{"start":{"line":17,"column":11},"end":{"line":17,"column":34}},{"start":{"line":17,"column":38},"end":{"line":17,"column":55}}],"line":17}},"s":{"0":1,"1":1,"2":1,"3":1,"4":1,"5":0,"6":0,"7":0,"8":0,"9":0},"f":{"0":0},"b":{"0":[1,0],"1":[1,0],"2":[1,0],"3":[1,0],"4":[1,0]},"inputSourceMap":null,"_coverageSchema":"1a1c01bbd47fc00a2c39e90264f33305004495a9","hash":"cafda41e6834a84b39ea27e08b2d940b380c1007"}
,"/Users/dan/projects/personal/task-management-api/src/db/orm/comment.js": {"path":"/Users/dan/projects/personal/task-management-api/src/db/orm/comment.js","statementMap":{"0":{"start":{"line":4,"column":29},"end":{"line":47,"column":2}},"1":{"start":{"line":11,"column":21},"end":{"line":11,"column":29}},"2":{"start":{"line":18,"column":21},"end":{"line":18,"column":40}}},"fnMap":{"0":{"name":"(anonymous_0)","decl":{"start":{"line":11,"column":15},"end":{"line":11,"column":16}},"loc":{"start":{"line":11,"column":21},"end":{"line":11,"column":29}},"line":11},"1":{"name":"(anonymous_1)","decl":{"start":{"line":18,"column":15},"end":{"line":18,"column":16}},"loc":{"start":{"line":18,"column":21},"end":{"line":18,"column":40}},"line":18}},"branchMap":{},"s":{"0":1,"1":0,"2":0},"f":{"0":0,"1":0},"b":{},"inputSourceMap":null,"_coverageSchema":"1a1c01bbd47fc00a2c39e90264f33305004495a9","hash":"f7a002e105f7d2db5d9f60202ef753970d53f2e6"}
}
